<?xml version="1.0" encoding="UTF-8"?>
<testsuite xmlns:xsi="http://www.w3.org/2001/XMLSchema-instance" xsi:noNamespaceSchemaLocation="https://maven.apache.org/surefire/maven-surefire-plugin/xsd/surefire-test-report-3.0.xsd" version="3.0" name="acmecollege.entity.TestCRUDPeerTutorRegistrationOriginal" time="0.266" tests="9" errors="0" skipped="0" failures="0">
  <properties>
[...]
</properties>
  <testcase name="test01_Empty" classname="acmecollege.entity.TestCRUDPeerTutorRegistrationOriginal" time="0.002">
    <system-out><![CDATA[2024-07-14T22:59:56,792|[WARN ] pooling -HHH10001002: Using Hibernate built-in connection pool (not for production use!)
2024-07-14T22:59:56,843|[DEBUG] SQL -
    
    use acmecollege
2024-07-14T22:59:56,844|[DEBUG] SQL -
    
    SET FOREIGN_KEY_CHECKS = 0
2024-07-14T22:59:56,844|[DEBUG] SQL -
    
    TRUNCATE TABLE acmecollege.peer_tutor
2024-07-14T22:59:56,853|[DEBUG] SQL -
    
    TRUNCATE TABLE acmecollege.student_club
2024-07-14T22:59:56,869|[DEBUG] SQL -
    
    TRUNCATE TABLE acmecollege.club_membership
2024-07-14T22:59:56,888|[DEBUG] SQL -
    
    TRUNCATE TABLE acmecollege.peer_tutor_registration
2024-07-14T22:59:56,907|[DEBUG] SQL -
    
    TRUNCATE TABLE acmecollege.membership_card
2024-07-14T22:59:56,925|[DEBUG] SQL -
    
    TRUNCATE TABLE acmecollege.student
2024-07-14T22:59:56,933|[DEBUG] SQL -
    
    TRUNCATE TABLE acmecollege.course
2024-07-14T22:59:56,940|[DEBUG] SQL -
    
    SET FOREIGN_KEY_CHECKS = 1
2024-07-14T22:59:56,942|[DEBUG] SQL -CREATE SCHEMA IF NOT EXISTS `acmecollege` DEFAULT CHARACTER SET utf8mb4
2024-07-14T22:59:56,943|[DEBUG] SQL -
    
    USE `acmecollege`
2024-07-14T22:59:56,943|[DEBUG] SQL -
    
    CREATE TABLE IF NOT EXISTS `student` (
          `id` INT NOT NULL AUTO_INCREMENT,
          `first_name` VARCHAR(50) NOT NULL,
          `last_name` VARCHAR(50) NOT NULL,
          `created` DATETIME NULL,
          `updated` DATETIME NULL,
          `version` BIGINT NOT NULL DEFAULT 1,
          PRIMARY KEY (`id`) 
    )
2024-07-14T22:59:56,945|[DEBUG] SQL -
    
    CREATE TABLE IF NOT EXISTS `student_club` (
          `club_id` INT NOT NULL AUTO_INCREMENT,
          `name` VARCHAR(100) NOT NULL,
          `academic` BIT(1) NOT NULL,
          `created` DATETIME NULL,
          `updated` DATETIME NULL,
          `version` BIGINT NOT NULL DEFAULT 1,
          PRIMARY KEY (`club_id`),
          UNIQUE INDEX `name_UNIQUE` (`name` ASC) VISIBLE 
    )
2024-07-14T22:59:56,947|[DEBUG] SQL -
    
    CREATE TABLE IF NOT EXISTS `club_membership` (
          `membership_id` INT NOT NULL AUTO_INCREMENT,
          `club_id` INT NOT NULL,
          `start_date` DATETIME NOT NULL,
          `end_date` DATETIME NOT NULL,
          `active` BIT(1) NOT NULL,
          `created` DATETIME NULL,
          `updated` DATETIME NULL,
          `version` BIGINT NOT NULL DEFAULT 1,
          PRIMARY KEY (`membership_id`),
          INDEX `fk_club_membership_student_club1_idx` (`club_id` ASC) VISIBLE,
          CONSTRAINT `fk_club_membership_student_club1`     FOREIGN KEY (`club_id`) REFERENCES `student_club` (`club_id`) ON DELETE NO ACTION ON UPDATE NO ACTION 
    )
2024-07-14T22:59:56,949|[DEBUG] SQL -
    
    CREATE TABLE IF NOT EXISTS `membership_card` (
          `card_id` INT NOT NULL AUTO_INCREMENT,
          `student_id` INT NOT NULL,
          `membership_id` INT NULL,
          `signed` BIT(1) NOT NULL,
          `created` DATETIME NULL,
          `updated` DATETIME NULL,
          `version` BIGINT NOT NULL DEFAULT 1,
          INDEX `fk_membership_card_student1_idx` (`student_id` ASC) VISIBLE,
          INDEX `fk_membership_card_club_membership1_idx` (`membership_id` ASC) VISIBLE,
          UNIQUE INDEX `card_id_UNIQUE` (`card_id` ASC) VISIBLE,
          PRIMARY KEY (`card_id`),
          CONSTRAINT `fk_membership_card_student1`     FOREIGN KEY (`student_id`)     REFERENCES `student` (`id`)     ON DELETE NO ACTION     ON UPDATE NO ACTION,
          CONSTRAINT `fk_membership_card_club_membership1`     FOREIGN KEY (`membership_id`)     REFERENCES `club_membership` (`membership_id`)     ON DELETE NO ACTION     ON UPDATE NO ACTION 
    )
2024-07-14T22:59:56,950|[DEBUG] SQL -
    
    CREATE TABLE IF NOT EXISTS `peer_tutor` (
          `peer_tutor_id` INT NOT NULL AUTO_INCREMENT,
          `first_name` VARCHAR(50) NOT NULL,
          `last_name` VARCHAR(50) NOT NULL,
          `program` VARCHAR(50) NOT NULL,
          `created` DATETIME NULL,
          `updated` DATETIME NULL,
          `version` BIGINT NOT NULL DEFAULT 1,
          PRIMARY KEY (`peer_tutor_id`) 
    )
2024-07-14T22:59:56,952|[DEBUG] SQL -
    
    CREATE TABLE IF NOT EXISTS `course` (
          `course_id` INT NOT NULL AUTO_INCREMENT,
          `course_code` VARCHAR(7) NOT NULL,
          `course_title` VARCHAR(100) NOT NULL,
          `year` INT NOT NULL,
          `semester` VARCHAR(6) NOT NULL,
          `credit_units` INT NOT NULL,
          `online` BIT(1) NOT NULL,
          `created` DATETIME NULL,
          `updated` DATETIME NULL,
          `version` BIGINT NOT NULL DEFAULT 1,
          PRIMARY KEY (`course_id`) 
    )
2024-07-14T22:59:56,953|[DEBUG] SQL -
    
    CREATE TABLE IF NOT EXISTS `peer_tutor_registration` (
          `student_id` INT NOT NULL,
          `course_id` INT NOT NULL,
          `numeric_grade` INT NULL,
          `letter_grade` VARCHAR(3) NULL,
          `peer_tutor_id` INT NULL,
          `created` DATETIME NULL,
          `updated` DATETIME NULL,
          `version` BIGINT NOT NULL DEFAULT 1,
          PRIMARY KEY (`student_id`, `course_id`),
          INDEX `fk_peer_tutor_registration_course1_idx` (`course_id` ASC) VISIBLE,
          INDEX `fk_peer_tutor_registration_student1_idx` (`student_id` ASC) VISIBLE,
          CONSTRAINT `fk_peer_tutor_registration_peer_tutor1`     FOREIGN KEY (`peer_tutor_id`)     REFERENCES `peer_tutor` (`peer_tutor_id`)     ON DELETE NO ACTION     ON UPDATE NO ACTION,
          CONSTRAINT `fk_peer_tutor_registration_course1`     FOREIGN KEY (`course_id`)     REFERENCES `course` (`course_id`)     ON DELETE NO ACTION     ON UPDATE NO ACTION,
          CONSTRAINT `fk_peer_tutor_registration_student1`     FOREIGN KEY (`student_id`)     REFERENCES `student` (`id`)     ON DELETE NO ACTION     ON UPDATE NO ACTION 
    )
2024-07-14T22:59:56,959|[DEBUG] SQL -
    /* delete PeerTutorRegistration as generatedAlias0 */ delete 
        from
            peer_tutor_registration
2024-07-14T22:59:56,960|[DEBUG] SQL -
    /* delete Course as generatedAlias0 */ delete 
        from
            Course
2024-07-14T22:59:56,961|[DEBUG] SQL -
    /* delete PeerTutor as generatedAlias0 */ delete 
        from
            peer_tutor
2024-07-14T22:59:56,962|[DEBUG] SQL -
    /* delete MembershipCard as generatedAlias0 */ delete 
        from
            membership_card
2024-07-14T22:59:56,962|[DEBUG] SQL -
    /* delete ClubMembership as generatedAlias0 */ delete 
        from
            club_membership
2024-07-14T22:59:56,963|[DEBUG] SQL -
    /* delete StudentClub as generatedAlias0 */ delete 
        from
            student_club
2024-07-14T22:59:56,964|[DEBUG] SQL -
    /* delete Student as generatedAlias0 */ delete 
        from
            Student
2024-07-14T22:59:56,965|[DEBUG] SQL -
    /* delete PeerTutorRegistration as generatedAlias0 */ delete 
        from
            peer_tutor_registration
2024-07-14T22:59:56,966|[DEBUG] SQL -
    /* select
        count(generatedAlias0) 
    from
        PeerTutorRegistration as generatedAlias0 */ select
            count(peertutorr0_.course_id) as col_0_0_ 
        from
            peer_tutor_registration peertutorr0_
]]></system-out>
  </testcase>
  <testcase name="test02_Create" classname="acmecollege.entity.TestCRUDPeerTutorRegistrationOriginal" time="0.008">
    <system-out><![CDATA[2024-07-14T22:59:56,968|[DEBUG] SQL -
    /* insert acmecollege.entity.PeerTutor
        */ insert 
        into
            peer_tutor
            (CREATED, UPDATED, version, first_name, last_name, program) 
        values
            (?, ?, ?, ?, ?, ?)
2024-07-14T22:59:56,968|[TRACE] BasicBinder -binding parameter [1] as [TIMESTAMP] - [2024-07-14T22:59:56.967798400]
2024-07-14T22:59:56,968|[TRACE] BasicBinder -binding parameter [2] as [TIMESTAMP] - [2024-07-14T22:59:56.967798400]
2024-07-14T22:59:56,968|[TRACE] BasicBinder -binding parameter [3] as [INTEGER] - [0]
2024-07-14T22:59:56,968|[TRACE] BasicBinder -binding parameter [4] as [VARCHAR] - [Peter]
2024-07-14T22:59:56,968|[TRACE] BasicBinder -binding parameter [5] as [VARCHAR] - [Schmidt]
2024-07-14T22:59:56,968|[TRACE] BasicBinder -binding parameter [6] as [VARCHAR] - [Information and Communications Technology]
2024-07-14T22:59:56,968|[DEBUG] SQL -
    /* insert acmecollege.entity.Course
        */ insert 
        into
            Course
            (CREATED, UPDATED, version, course_code, course_title, credit_units, online, semester, year) 
        values
            (?, ?, ?, ?, ?, ?, ?, ?, ?)
2024-07-14T22:59:56,968|[TRACE] BasicBinder -binding parameter [1] as [TIMESTAMP] - [2024-07-14T22:59:56.968796800]
2024-07-14T22:59:56,969|[TRACE] BasicBinder -binding parameter [2] as [TIMESTAMP] - [2024-07-14T22:59:56.968796800]
2024-07-14T22:59:56,969|[TRACE] BasicBinder -binding parameter [3] as [INTEGER] - [0]
2024-07-14T22:59:56,969|[TRACE] BasicBinder -binding parameter [4] as [VARCHAR] - [CST8277]
2024-07-14T22:59:56,969|[TRACE] BasicBinder -binding parameter [5] as [VARCHAR] - [Enterprise Application Programming]
2024-07-14T22:59:56,969|[TRACE] BasicBinder -binding parameter [6] as [INTEGER] - [3]
2024-07-14T22:59:56,969|[TRACE] BasicBinder -binding parameter [7] as [TINYINT] - [0]
2024-07-14T22:59:56,969|[TRACE] BasicBinder -binding parameter [8] as [VARCHAR] - [AUTUMN]
2024-07-14T22:59:56,969|[TRACE] BasicBinder -binding parameter [9] as [INTEGER] - [2022]
2024-07-14T22:59:56,969|[DEBUG] SQL -
    /* insert acmecollege.entity.Student
        */ insert 
        into
            Student
            (CREATED, UPDATED, version, first_name, last_name) 
        values
            (?, ?, ?, ?, ?)
2024-07-14T22:59:56,969|[TRACE] BasicBinder -binding parameter [1] as [TIMESTAMP] - [2024-07-14T22:59:56.969811600]
2024-07-14T22:59:56,969|[TRACE] BasicBinder -binding parameter [2] as [TIMESTAMP] - [2024-07-14T22:59:56.969811600]
2024-07-14T22:59:56,969|[TRACE] BasicBinder -binding parameter [3] as [INTEGER] - [0]
2024-07-14T22:59:56,969|[TRACE] BasicBinder -binding parameter [4] as [VARCHAR] - [John]
2024-07-14T22:59:56,969|[TRACE] BasicBinder -binding parameter [5] as [VARCHAR] - [Smith]
2024-07-14T22:59:56,971|[DEBUG] SQL -
    /* insert acmecollege.entity.PeerTutorRegistration
        */ insert 
        into
            peer_tutor_registration
            (CREATED, UPDATED, version, letter_grade, numeric_grade, peer_tutor_id, course_id, student_id) 
        values
            (?, ?, ?, ?, ?, ?, ?, ?)
2024-07-14T22:59:56,971|[TRACE] BasicBinder -binding parameter [1] as [TIMESTAMP] - [2024-07-14T22:59:56.970797900]
2024-07-14T22:59:56,971|[TRACE] BasicBinder -binding parameter [2] as [TIMESTAMP] - [2024-07-14T22:59:56.970797900]
2024-07-14T22:59:56,971|[TRACE] BasicBinder -binding parameter [3] as [INTEGER] - [0]
2024-07-14T22:59:56,971|[TRACE] BasicBinder -binding parameter [4] as [VARCHAR] - [A+]
2024-07-14T22:59:56,971|[TRACE] BasicBinder -binding parameter [5] as [INTEGER] - [100]
2024-07-14T22:59:56,971|[TRACE] BasicBinder -binding parameter [6] as [INTEGER] - [1]
2024-07-14T22:59:56,971|[TRACE] BasicBinder -binding parameter [7] as [INTEGER] - [1]
2024-07-14T22:59:56,971|[TRACE] BasicBinder -binding parameter [8] as [INTEGER] - [1]
2024-07-14T22:59:56,975|[DEBUG] SQL -
    /* select
        count(generatedAlias0) 
    from
        PeerTutorRegistration as generatedAlias0 
    where
        generatedAlias0.id=:id */ select
            count(peertutorr0_.course_id) as col_0_0_ 
        from
            peer_tutor_registration peertutorr0_ 
        where
            (
                peertutorr0_.course_id, peertutorr0_.student_id
            )=(
                ?, ?
            )
2024-07-14T22:59:56,975|[TRACE] BasicBinder -binding parameter [1] as [INTEGER] - [1]
2024-07-14T22:59:56,975|[TRACE] BasicBinder -binding parameter [2] as [INTEGER] - [1]
]]></system-out>
  </testcase>
  <testcase name="test03_CreateInvalid" classname="acmecollege.entity.TestCRUDPeerTutorRegistrationOriginal" time="0.005"/>
  <testcase name="test04_Read" classname="acmecollege.entity.TestCRUDPeerTutorRegistrationOriginal" time="0.008">
    <system-out><![CDATA[2024-07-14T22:59:56,984|[DEBUG] SQL -
    /* select
        generatedAlias0 
    from
        PeerTutorRegistration as generatedAlias0 */ select
            peertutorr0_.course_id as course_i1_4_,
            peertutorr0_.student_id as student_2_4_,
            peertutorr0_.CREATED as created3_4_,
            peertutorr0_.UPDATED as updated4_4_,
            peertutorr0_.version as version5_4_,
            peertutorr0_.letter_grade as letter_g6_4_,
            peertutorr0_.numeric_grade as numeric_7_4_,
            peertutorr0_.peer_tutor_id as peer_tut8_4_ 
        from
            peer_tutor_registration peertutorr0_
2024-07-14T22:59:56,988|[DEBUG] SQL -
    select
        peertutor0_.peer_tutor_id as peer_tut1_3_0_,
        peertutor0_.CREATED as created2_3_0_,
        peertutor0_.UPDATED as updated3_3_0_,
        peertutor0_.version as version4_3_0_,
        peertutor0_.first_name as first_na5_3_0_,
        peertutor0_.last_name as last_nam6_3_0_,
        peertutor0_.program as program7_3_0_ 
    from
        peer_tutor peertutor0_ 
    where
        peertutor0_.peer_tutor_id=?
2024-07-14T22:59:56,988|[TRACE] BasicBinder -binding parameter [1] as [INTEGER] - [1]
]]></system-out>
  </testcase>
  <testcase name="test05_ReadDependencies" classname="acmecollege.entity.TestCRUDPeerTutorRegistrationOriginal" time="0.007">
    <system-out><![CDATA[2024-07-14T22:59:56,992|[DEBUG] SQL -
    /* select
        generatedAlias0 
    from
        PeerTutorRegistration as generatedAlias0 
    where
        generatedAlias0.id=:id */ select
            peertutorr0_.course_id as course_i1_4_,
            peertutorr0_.student_id as student_2_4_,
            peertutorr0_.CREATED as created3_4_,
            peertutorr0_.UPDATED as updated4_4_,
            peertutorr0_.version as version5_4_,
            peertutorr0_.letter_grade as letter_g6_4_,
            peertutorr0_.numeric_grade as numeric_7_4_,
            peertutorr0_.peer_tutor_id as peer_tut8_4_ 
        from
            peer_tutor_registration peertutorr0_ 
        where
            (
                peertutorr0_.course_id, peertutorr0_.student_id
            )=(
                ?, ?
            )
2024-07-14T22:59:56,992|[TRACE] BasicBinder -binding parameter [1] as [INTEGER] - [1]
2024-07-14T22:59:56,992|[TRACE] BasicBinder -binding parameter [2] as [INTEGER] - [1]
2024-07-14T22:59:56,993|[DEBUG] SQL -
    select
        peertutor0_.peer_tutor_id as peer_tut1_3_0_,
        peertutor0_.CREATED as created2_3_0_,
        peertutor0_.UPDATED as updated3_3_0_,
        peertutor0_.version as version4_3_0_,
        peertutor0_.first_name as first_na5_3_0_,
        peertutor0_.last_name as last_nam6_3_0_,
        peertutor0_.program as program7_3_0_ 
    from
        peer_tutor peertutor0_ 
    where
        peertutor0_.peer_tutor_id=?
2024-07-14T22:59:56,993|[TRACE] BasicBinder -binding parameter [1] as [INTEGER] - [1]
2024-07-14T22:59:56,995|[DEBUG] SQL -
    select
        student0_.id as id1_5_0_,
        student0_.CREATED as created2_5_0_,
        student0_.UPDATED as updated3_5_0_,
        student0_.version as version4_5_0_,
        student0_.first_name as first_na5_5_0_,
        student0_.last_name as last_nam6_5_0_ 
    from
        Student student0_ 
    where
        student0_.id=?
2024-07-14T22:59:56,996|[TRACE] BasicBinder -binding parameter [1] as [INTEGER] - [1]
2024-07-14T22:59:56,996|[DEBUG] SQL -
    select
        course0_.course_id as course_i1_1_0_,
        course0_.CREATED as created2_1_0_,
        course0_.UPDATED as updated3_1_0_,
        course0_.version as version4_1_0_,
        course0_.course_code as course_c5_1_0_,
        course0_.course_title as course_t6_1_0_,
        course0_.credit_units as credit_u7_1_0_,
        course0_.online as online8_1_0_,
        course0_.semester as semester9_1_0_,
        course0_.year as year10_1_0_ 
    from
        Course course0_ 
    where
        course0_.course_id=?
2024-07-14T22:59:56,997|[TRACE] BasicBinder -binding parameter [1] as [INTEGER] - [1]
]]></system-out>
  </testcase>
  <testcase name="test06_Update" classname="acmecollege.entity.TestCRUDPeerTutorRegistrationOriginal" time="0.008">
    <system-out><![CDATA[2024-07-14T22:59:56,998|[DEBUG] SQL -
    /* select
        generatedAlias0 
    from
        PeerTutorRegistration as generatedAlias0 
    where
        generatedAlias0.id=:id */ select
            peertutorr0_.course_id as course_i1_4_,
            peertutorr0_.student_id as student_2_4_,
            peertutorr0_.CREATED as created3_4_,
            peertutorr0_.UPDATED as updated4_4_,
            peertutorr0_.version as version5_4_,
            peertutorr0_.letter_grade as letter_g6_4_,
            peertutorr0_.numeric_grade as numeric_7_4_,
            peertutorr0_.peer_tutor_id as peer_tut8_4_ 
        from
            peer_tutor_registration peertutorr0_ 
        where
            (
                peertutorr0_.course_id, peertutorr0_.student_id
            )=(
                ?, ?
            )
2024-07-14T22:59:56,999|[TRACE] BasicBinder -binding parameter [1] as [INTEGER] - [1]
2024-07-14T22:59:56,999|[TRACE] BasicBinder -binding parameter [2] as [INTEGER] - [1]
2024-07-14T22:59:57,000|[DEBUG] SQL -
    select
        peertutor0_.peer_tutor_id as peer_tut1_3_0_,
        peertutor0_.CREATED as created2_3_0_,
        peertutor0_.UPDATED as updated3_3_0_,
        peertutor0_.version as version4_3_0_,
        peertutor0_.first_name as first_na5_3_0_,
        peertutor0_.last_name as last_nam6_3_0_,
        peertutor0_.program as program7_3_0_ 
    from
        peer_tutor peertutor0_ 
    where
        peertutor0_.peer_tutor_id=?
2024-07-14T22:59:57,000|[TRACE] BasicBinder -binding parameter [1] as [INTEGER] - [1]
2024-07-14T22:59:57,002|[DEBUG] SQL -
    /* update
        acmecollege.entity.PeerTutorRegistration */ update
            peer_tutor_registration 
        set
            CREATED=?,
            UPDATED=?,
            version=?,
            letter_grade=?,
            numeric_grade=?,
            peer_tutor_id=? 
        where
            course_id=? 
            and student_id=? 
            and version=?
2024-07-14T22:59:57,002|[TRACE] BasicBinder -binding parameter [1] as [TIMESTAMP] - [2024-07-14T22:59:57]
2024-07-14T22:59:57,002|[TRACE] BasicBinder -binding parameter [2] as [TIMESTAMP] - [2024-07-14T22:59:57.002440900]
2024-07-14T22:59:57,002|[TRACE] BasicBinder -binding parameter [3] as [INTEGER] - [1]
2024-07-14T22:59:57,002|[TRACE] BasicBinder -binding parameter [4] as [VARCHAR] - [A]
2024-07-14T22:59:57,002|[TRACE] BasicBinder -binding parameter [5] as [INTEGER] - [85]
2024-07-14T22:59:57,002|[TRACE] BasicBinder -binding parameter [6] as [INTEGER] - [1]
2024-07-14T22:59:57,002|[TRACE] BasicBinder -binding parameter [7] as [INTEGER] - [1]
2024-07-14T22:59:57,002|[TRACE] BasicBinder -binding parameter [8] as [INTEGER] - [1]
2024-07-14T22:59:57,002|[TRACE] BasicBinder -binding parameter [9] as [INTEGER] - [0]
2024-07-14T22:59:57,004|[DEBUG] SQL -
    /* select
        generatedAlias0 
    from
        PeerTutorRegistration as generatedAlias0 
    where
        generatedAlias0.id=:id */ select
            peertutorr0_.course_id as course_i1_4_,
            peertutorr0_.student_id as student_2_4_,
            peertutorr0_.CREATED as created3_4_,
            peertutorr0_.UPDATED as updated4_4_,
            peertutorr0_.version as version5_4_,
            peertutorr0_.letter_grade as letter_g6_4_,
            peertutorr0_.numeric_grade as numeric_7_4_,
            peertutorr0_.peer_tutor_id as peer_tut8_4_ 
        from
            peer_tutor_registration peertutorr0_ 
        where
            (
                peertutorr0_.course_id, peertutorr0_.student_id
            )=(
                ?, ?
            )
2024-07-14T22:59:57,004|[TRACE] BasicBinder -binding parameter [1] as [INTEGER] - [1]
2024-07-14T22:59:57,004|[TRACE] BasicBinder -binding parameter [2] as [INTEGER] - [1]
]]></system-out>
  </testcase>
  <testcase name="test07_UpdateDependencies" classname="acmecollege.entity.TestCRUDPeerTutorRegistrationOriginal" time="0.011">
    <system-out><![CDATA[2024-07-14T22:59:57,006|[DEBUG] SQL -
    /* select
        generatedAlias0 
    from
        PeerTutorRegistration as generatedAlias0 
    where
        generatedAlias0.id=:id */ select
            peertutorr0_.course_id as course_i1_4_,
            peertutorr0_.student_id as student_2_4_,
            peertutorr0_.CREATED as created3_4_,
            peertutorr0_.UPDATED as updated4_4_,
            peertutorr0_.version as version5_4_,
            peertutorr0_.letter_grade as letter_g6_4_,
            peertutorr0_.numeric_grade as numeric_7_4_,
            peertutorr0_.peer_tutor_id as peer_tut8_4_ 
        from
            peer_tutor_registration peertutorr0_ 
        where
            (
                peertutorr0_.course_id, peertutorr0_.student_id
            )=(
                ?, ?
            )
2024-07-14T22:59:57,006|[TRACE] BasicBinder -binding parameter [1] as [INTEGER] - [1]
2024-07-14T22:59:57,006|[TRACE] BasicBinder -binding parameter [2] as [INTEGER] - [1]
2024-07-14T22:59:57,007|[DEBUG] SQL -
    select
        peertutor0_.peer_tutor_id as peer_tut1_3_0_,
        peertutor0_.CREATED as created2_3_0_,
        peertutor0_.UPDATED as updated3_3_0_,
        peertutor0_.version as version4_3_0_,
        peertutor0_.first_name as first_na5_3_0_,
        peertutor0_.last_name as last_nam6_3_0_,
        peertutor0_.program as program7_3_0_ 
    from
        peer_tutor peertutor0_ 
    where
        peertutor0_.peer_tutor_id=?
2024-07-14T22:59:57,007|[TRACE] BasicBinder -binding parameter [1] as [INTEGER] - [1]
2024-07-14T22:59:57,008|[DEBUG] SQL -
    select
        course0_.course_id as course_i1_1_0_,
        course0_.CREATED as created2_1_0_,
        course0_.UPDATED as updated3_1_0_,
        course0_.version as version4_1_0_,
        course0_.course_code as course_c5_1_0_,
        course0_.course_title as course_t6_1_0_,
        course0_.credit_units as credit_u7_1_0_,
        course0_.online as online8_1_0_,
        course0_.semester as semester9_1_0_,
        course0_.year as year10_1_0_ 
    from
        Course course0_ 
    where
        course0_.course_id=?
2024-07-14T22:59:57,008|[TRACE] BasicBinder -binding parameter [1] as [INTEGER] - [1]
2024-07-14T22:59:57,009|[DEBUG] SQL -
    select
        student0_.id as id1_5_0_,
        student0_.CREATED as created2_5_0_,
        student0_.UPDATED as updated3_5_0_,
        student0_.version as version4_5_0_,
        student0_.first_name as first_na5_5_0_,
        student0_.last_name as last_nam6_5_0_ 
    from
        Student student0_ 
    where
        student0_.id=?
2024-07-14T22:59:57,009|[TRACE] BasicBinder -binding parameter [1] as [INTEGER] - [1]
2024-07-14T22:59:57,009|[DEBUG] SQL -
    select
        peertutorr0_.peer_tutor_id as peer_tut8_4_0_,
        peertutorr0_.course_id as course_i1_4_0_,
        peertutorr0_.student_id as student_2_4_0_,
        peertutorr0_.course_id as course_i1_4_1_,
        peertutorr0_.student_id as student_2_4_1_,
        peertutorr0_.CREATED as created3_4_1_,
        peertutorr0_.UPDATED as updated4_4_1_,
        peertutorr0_.version as version5_4_1_,
        peertutorr0_.letter_grade as letter_g6_4_1_,
        peertutorr0_.numeric_grade as numeric_7_4_1_,
        peertutorr0_.peer_tutor_id as peer_tut8_4_1_ 
    from
        peer_tutor_registration peertutorr0_ 
    where
        peertutorr0_.peer_tutor_id=?
2024-07-14T22:59:57,009|[TRACE] BasicBinder -binding parameter [1] as [INTEGER] - [1]
2024-07-14T22:59:57,010|[DEBUG] SQL -
    select
        peertutorr0_.course_id as course_i1_4_0_,
        peertutorr0_.student_id as student_2_4_0_,
        peertutorr0_.course_id as course_i1_4_1_,
        peertutorr0_.student_id as student_2_4_1_,
        peertutorr0_.CREATED as created3_4_1_,
        peertutorr0_.UPDATED as updated4_4_1_,
        peertutorr0_.version as version5_4_1_,
        peertutorr0_.letter_grade as letter_g6_4_1_,
        peertutorr0_.numeric_grade as numeric_7_4_1_,
        peertutorr0_.peer_tutor_id as peer_tut8_4_1_,
        peertutor1_.peer_tutor_id as peer_tut1_3_2_,
        peertutor1_.CREATED as created2_3_2_,
        peertutor1_.UPDATED as updated3_3_2_,
        peertutor1_.version as version4_3_2_,
        peertutor1_.first_name as first_na5_3_2_,
        peertutor1_.last_name as last_nam6_3_2_,
        peertutor1_.program as program7_3_2_ 
    from
        peer_tutor_registration peertutorr0_ 
    left outer join
        peer_tutor peertutor1_ 
            on peertutorr0_.peer_tutor_id=peertutor1_.peer_tutor_id 
    where
        peertutorr0_.course_id=?
2024-07-14T22:59:57,010|[TRACE] BasicBinder -binding parameter [1] as [INTEGER] - [1]
2024-07-14T22:59:57,011|[DEBUG] SQL -
    select
        peertutorr0_.student_id as student_2_4_0_,
        peertutorr0_.course_id as course_i1_4_0_,
        peertutorr0_.course_id as course_i1_4_1_,
        peertutorr0_.student_id as student_2_4_1_,
        peertutorr0_.CREATED as created3_4_1_,
        peertutorr0_.UPDATED as updated4_4_1_,
        peertutorr0_.version as version5_4_1_,
        peertutorr0_.letter_grade as letter_g6_4_1_,
        peertutorr0_.numeric_grade as numeric_7_4_1_,
        peertutorr0_.peer_tutor_id as peer_tut8_4_1_,
        peertutor1_.peer_tutor_id as peer_tut1_3_2_,
        peertutor1_.CREATED as created2_3_2_,
        peertutor1_.UPDATED as updated3_3_2_,
        peertutor1_.version as version4_3_2_,
        peertutor1_.first_name as first_na5_3_2_,
        peertutor1_.last_name as last_nam6_3_2_,
        peertutor1_.program as program7_3_2_ 
    from
        peer_tutor_registration peertutorr0_ 
    left outer join
        peer_tutor peertutor1_ 
            on peertutorr0_.peer_tutor_id=peertutor1_.peer_tutor_id 
    where
        peertutorr0_.student_id=?
2024-07-14T22:59:57,011|[TRACE] BasicBinder -binding parameter [1] as [INTEGER] - [1]
2024-07-14T22:59:57,012|[DEBUG] SQL -
    /* update
        acmecollege.entity.PeerTutor */ update
            peer_tutor 
        set
            CREATED=?,
            UPDATED=?,
            version=?,
            first_name=?,
            last_name=?,
            program=? 
        where
            peer_tutor_id=? 
            and version=?
2024-07-14T22:59:57,012|[TRACE] BasicBinder -binding parameter [1] as [TIMESTAMP] - [2024-07-14T22:59:57]
2024-07-14T22:59:57,012|[TRACE] BasicBinder -binding parameter [2] as [TIMESTAMP] - [2024-07-14T22:59:57.012949200]
2024-07-14T22:59:57,012|[TRACE] BasicBinder -binding parameter [3] as [INTEGER] - [1]
2024-07-14T22:59:57,012|[TRACE] BasicBinder -binding parameter [4] as [VARCHAR] - [Charles]
2024-07-14T22:59:57,012|[TRACE] BasicBinder -binding parameter [5] as [VARCHAR] - [Xavier]
2024-07-14T22:59:57,012|[TRACE] BasicBinder -binding parameter [6] as [VARCHAR] - [Physics]
2024-07-14T22:59:57,012|[TRACE] BasicBinder -binding parameter [7] as [INTEGER] - [1]
2024-07-14T22:59:57,012|[TRACE] BasicBinder -binding parameter [8] as [INTEGER] - [0]
2024-07-14T22:59:57,013|[DEBUG] SQL -
    /* update
        acmecollege.entity.Course */ update
            Course 
        set
            CREATED=?,
            UPDATED=?,
            version=?,
            course_code=?,
            course_title=?,
            credit_units=?,
            online=?,
            semester=?,
            year=? 
        where
            course_id=? 
            and version=?
2024-07-14T22:59:57,013|[TRACE] BasicBinder -binding parameter [1] as [TIMESTAMP] - [2024-07-14T22:59:57]
2024-07-14T22:59:57,013|[TRACE] BasicBinder -binding parameter [2] as [TIMESTAMP] - [2024-07-14T22:59:57.012949200]
2024-07-14T22:59:57,013|[TRACE] BasicBinder -binding parameter [3] as [INTEGER] - [1]
2024-07-14T22:59:57,013|[TRACE] BasicBinder -binding parameter [4] as [VARCHAR] - [CST8116]
2024-07-14T22:59:57,013|[TRACE] BasicBinder -binding parameter [5] as [VARCHAR] - [Introduction to Computer Programming]
2024-07-14T22:59:57,013|[TRACE] BasicBinder -binding parameter [6] as [INTEGER] - [3]
2024-07-14T22:59:57,013|[TRACE] BasicBinder -binding parameter [7] as [TINYINT] - [0]
2024-07-14T22:59:57,013|[TRACE] BasicBinder -binding parameter [8] as [VARCHAR] - [WINTER]
2024-07-14T22:59:57,013|[TRACE] BasicBinder -binding parameter [9] as [INTEGER] - [2021]
2024-07-14T22:59:57,013|[TRACE] BasicBinder -binding parameter [10] as [INTEGER] - [1]
2024-07-14T22:59:57,013|[TRACE] BasicBinder -binding parameter [11] as [INTEGER] - [0]
2024-07-14T22:59:57,014|[DEBUG] SQL -
    /* update
        acmecollege.entity.Student */ update
            Student 
        set
            CREATED=?,
            UPDATED=?,
            version=?,
            first_name=?,
            last_name=? 
        where
            id=? 
            and version=?
2024-07-14T22:59:57,014|[TRACE] BasicBinder -binding parameter [1] as [TIMESTAMP] - [2024-07-14T22:59:57]
2024-07-14T22:59:57,014|[TRACE] BasicBinder -binding parameter [2] as [TIMESTAMP] - [2024-07-14T22:59:57.012949200]
2024-07-14T22:59:57,014|[TRACE] BasicBinder -binding parameter [3] as [INTEGER] - [1]
2024-07-14T22:59:57,014|[TRACE] BasicBinder -binding parameter [4] as [VARCHAR] - [Jack]
2024-07-14T22:59:57,014|[TRACE] BasicBinder -binding parameter [5] as [VARCHAR] - [Jackson]
2024-07-14T22:59:57,014|[TRACE] BasicBinder -binding parameter [6] as [INTEGER] - [1]
2024-07-14T22:59:57,014|[TRACE] BasicBinder -binding parameter [7] as [INTEGER] - [0]
2024-07-14T22:59:57,016|[DEBUG] SQL -
    /* select
        generatedAlias0 
    from
        PeerTutorRegistration as generatedAlias0 
    where
        generatedAlias0.id=:id */ select
            peertutorr0_.course_id as course_i1_4_,
            peertutorr0_.student_id as student_2_4_,
            peertutorr0_.CREATED as created3_4_,
            peertutorr0_.UPDATED as updated4_4_,
            peertutorr0_.version as version5_4_,
            peertutorr0_.letter_grade as letter_g6_4_,
            peertutorr0_.numeric_grade as numeric_7_4_,
            peertutorr0_.peer_tutor_id as peer_tut8_4_ 
        from
            peer_tutor_registration peertutorr0_ 
        where
            (
                peertutorr0_.course_id, peertutorr0_.student_id
            )=(
                ?, ?
            )
2024-07-14T22:59:57,016|[TRACE] BasicBinder -binding parameter [1] as [INTEGER] - [1]
2024-07-14T22:59:57,016|[TRACE] BasicBinder -binding parameter [2] as [INTEGER] - [1]
]]></system-out>
  </testcase>
  <testcase name="test08_DeleteDependecy" classname="acmecollege.entity.TestCRUDPeerTutorRegistrationOriginal" time="0.009">
    <system-out><![CDATA[2024-07-14T22:59:57,019|[DEBUG] SQL -
    /* select
        generatedAlias0 
    from
        PeerTutorRegistration as generatedAlias0 
    where
        generatedAlias0.id=:id */ select
            peertutorr0_.course_id as course_i1_4_,
            peertutorr0_.student_id as student_2_4_,
            peertutorr0_.CREATED as created3_4_,
            peertutorr0_.UPDATED as updated4_4_,
            peertutorr0_.version as version5_4_,
            peertutorr0_.letter_grade as letter_g6_4_,
            peertutorr0_.numeric_grade as numeric_7_4_,
            peertutorr0_.peer_tutor_id as peer_tut8_4_ 
        from
            peer_tutor_registration peertutorr0_ 
        where
            (
                peertutorr0_.course_id, peertutorr0_.student_id
            )=(
                ?, ?
            )
2024-07-14T22:59:57,020|[TRACE] BasicBinder -binding parameter [1] as [INTEGER] - [1]
2024-07-14T22:59:57,020|[TRACE] BasicBinder -binding parameter [2] as [INTEGER] - [1]
2024-07-14T22:59:57,021|[DEBUG] SQL -
    select
        peertutor0_.peer_tutor_id as peer_tut1_3_0_,
        peertutor0_.CREATED as created2_3_0_,
        peertutor0_.UPDATED as updated3_3_0_,
        peertutor0_.version as version4_3_0_,
        peertutor0_.first_name as first_na5_3_0_,
        peertutor0_.last_name as last_nam6_3_0_,
        peertutor0_.program as program7_3_0_ 
    from
        peer_tutor peertutor0_ 
    where
        peertutor0_.peer_tutor_id=?
2024-07-14T22:59:57,021|[TRACE] BasicBinder -binding parameter [1] as [INTEGER] - [1]
2024-07-14T22:59:57,022|[DEBUG] SQL -
    /* update
        acmecollege.entity.PeerTutorRegistration */ update
            peer_tutor_registration 
        set
            CREATED=?,
            UPDATED=?,
            version=?,
            letter_grade=?,
            numeric_grade=?,
            peer_tutor_id=? 
        where
            course_id=? 
            and student_id=? 
            and version=?
2024-07-14T22:59:57,022|[TRACE] BasicBinder -binding parameter [1] as [TIMESTAMP] - [2024-07-14T22:59:57]
2024-07-14T22:59:57,023|[TRACE] BasicBinder -binding parameter [2] as [TIMESTAMP] - [2024-07-14T22:59:57.022463200]
2024-07-14T22:59:57,023|[TRACE] BasicBinder -binding parameter [3] as [INTEGER] - [2]
2024-07-14T22:59:57,023|[TRACE] BasicBinder -binding parameter [4] as [VARCHAR] - [A]
2024-07-14T22:59:57,023|[TRACE] BasicBinder -binding parameter [5] as [INTEGER] - [85]
2024-07-14T22:59:57,023|[TRACE] BasicBinder -binding parameter [6] as [INTEGER] - [null]
2024-07-14T22:59:57,023|[TRACE] BasicBinder -binding parameter [7] as [INTEGER] - [1]
2024-07-14T22:59:57,023|[TRACE] BasicBinder -binding parameter [8] as [INTEGER] - [1]
2024-07-14T22:59:57,023|[TRACE] BasicBinder -binding parameter [9] as [INTEGER] - [1]
2024-07-14T22:59:57,024|[DEBUG] SQL -
    /* select
        generatedAlias0 
    from
        PeerTutorRegistration as generatedAlias0 
    where
        generatedAlias0.id=:id */ select
            peertutorr0_.course_id as course_i1_4_,
            peertutorr0_.student_id as student_2_4_,
            peertutorr0_.CREATED as created3_4_,
            peertutorr0_.UPDATED as updated4_4_,
            peertutorr0_.version as version5_4_,
            peertutorr0_.letter_grade as letter_g6_4_,
            peertutorr0_.numeric_grade as numeric_7_4_,
            peertutorr0_.peer_tutor_id as peer_tut8_4_ 
        from
            peer_tutor_registration peertutorr0_ 
        where
            (
                peertutorr0_.course_id, peertutorr0_.student_id
            )=(
                ?, ?
            )
2024-07-14T22:59:57,025|[TRACE] BasicBinder -binding parameter [1] as [INTEGER] - [1]
2024-07-14T22:59:57,025|[TRACE] BasicBinder -binding parameter [2] as [INTEGER] - [1]
2024-07-14T22:59:57,026|[DEBUG] SQL -
    /* select
        count(generatedAlias0) 
    from
        PeerTutor as generatedAlias0 
    where
        generatedAlias0.id=:id */ select
            count(peertutor0_.peer_tutor_id) as col_0_0_ 
        from
            peer_tutor peertutor0_ 
        where
            peertutor0_.peer_tutor_id=?
2024-07-14T22:59:57,027|[TRACE] BasicBinder -binding parameter [1] as [INTEGER] - [1]
]]></system-out>
  </testcase>
  <testcase name="test09_Delete" classname="acmecollege.entity.TestCRUDPeerTutorRegistrationOriginal" time="0.013">
    <system-out><![CDATA[2024-07-14T22:59:57,028|[DEBUG] SQL -
    /* select
        generatedAlias0 
    from
        PeerTutorRegistration as generatedAlias0 
    where
        generatedAlias0.id=:id */ select
            peertutorr0_.course_id as course_i1_4_,
            peertutorr0_.student_id as student_2_4_,
            peertutorr0_.CREATED as created3_4_,
            peertutorr0_.UPDATED as updated4_4_,
            peertutorr0_.version as version5_4_,
            peertutorr0_.letter_grade as letter_g6_4_,
            peertutorr0_.numeric_grade as numeric_7_4_,
            peertutorr0_.peer_tutor_id as peer_tut8_4_ 
        from
            peer_tutor_registration peertutorr0_ 
        where
            (
                peertutorr0_.course_id, peertutorr0_.student_id
            )=(
                ?, ?
            )
2024-07-14T22:59:57,028|[TRACE] BasicBinder -binding parameter [1] as [INTEGER] - [1]
2024-07-14T22:59:57,028|[TRACE] BasicBinder -binding parameter [2] as [INTEGER] - [1]
2024-07-14T22:59:57,029|[DEBUG] SQL -
    select
        student0_.id as id1_5_0_,
        student0_.CREATED as created2_5_0_,
        student0_.UPDATED as updated3_5_0_,
        student0_.version as version4_5_0_,
        student0_.first_name as first_na5_5_0_,
        student0_.last_name as last_nam6_5_0_ 
    from
        Student student0_ 
    where
        student0_.id=?
2024-07-14T22:59:57,029|[TRACE] BasicBinder -binding parameter [1] as [INTEGER] - [1]
2024-07-14T22:59:57,030|[DEBUG] SQL -
    select
        peertutorr0_.student_id as student_2_4_0_,
        peertutorr0_.course_id as course_i1_4_0_,
        peertutorr0_.course_id as course_i1_4_1_,
        peertutorr0_.student_id as student_2_4_1_,
        peertutorr0_.CREATED as created3_4_1_,
        peertutorr0_.UPDATED as updated4_4_1_,
        peertutorr0_.version as version5_4_1_,
        peertutorr0_.letter_grade as letter_g6_4_1_,
        peertutorr0_.numeric_grade as numeric_7_4_1_,
        peertutorr0_.peer_tutor_id as peer_tut8_4_1_,
        peertutor1_.peer_tutor_id as peer_tut1_3_2_,
        peertutor1_.CREATED as created2_3_2_,
        peertutor1_.UPDATED as updated3_3_2_,
        peertutor1_.version as version4_3_2_,
        peertutor1_.first_name as first_na5_3_2_,
        peertutor1_.last_name as last_nam6_3_2_,
        peertutor1_.program as program7_3_2_ 
    from
        peer_tutor_registration peertutorr0_ 
    left outer join
        peer_tutor peertutor1_ 
            on peertutorr0_.peer_tutor_id=peertutor1_.peer_tutor_id 
    where
        peertutorr0_.student_id=?
2024-07-14T22:59:57,030|[TRACE] BasicBinder -binding parameter [1] as [INTEGER] - [1]
2024-07-14T22:59:57,031|[DEBUG] SQL -
    /* insert acmecollege.entity.Course
        */ insert 
        into
            Course
            (CREATED, UPDATED, version, course_code, course_title, credit_units, online, semester, year) 
        values
            (?, ?, ?, ?, ?, ?, ?, ?, ?)
2024-07-14T22:59:57,031|[TRACE] BasicBinder -binding parameter [1] as [TIMESTAMP] - [2024-07-14T22:59:57.031979300]
2024-07-14T22:59:57,031|[TRACE] BasicBinder -binding parameter [2] as [TIMESTAMP] - [2024-07-14T22:59:57.031979300]
2024-07-14T22:59:57,031|[TRACE] BasicBinder -binding parameter [3] as [INTEGER] - [0]
2024-07-14T22:59:57,031|[TRACE] BasicBinder -binding parameter [4] as [VARCHAR] - [CST8288]
2024-07-14T22:59:57,032|[TRACE] BasicBinder -binding parameter [5] as [VARCHAR] - [Design Patters in Java]
2024-07-14T22:59:57,032|[TRACE] BasicBinder -binding parameter [6] as [INTEGER] - [3]
2024-07-14T22:59:57,032|[TRACE] BasicBinder -binding parameter [7] as [TINYINT] - [0]
2024-07-14T22:59:57,032|[TRACE] BasicBinder -binding parameter [8] as [VARCHAR] - [SPRING]
2024-07-14T22:59:57,032|[TRACE] BasicBinder -binding parameter [9] as [INTEGER] - [2022]
2024-07-14T22:59:57,033|[DEBUG] SQL -
    /* insert acmecollege.entity.PeerTutorRegistration
        */ insert 
        into
            peer_tutor_registration
            (CREATED, UPDATED, version, letter_grade, numeric_grade, peer_tutor_id, course_id, student_id) 
        values
            (?, ?, ?, ?, ?, ?, ?, ?)
2024-07-14T22:59:57,033|[TRACE] BasicBinder -binding parameter [1] as [TIMESTAMP] - [2024-07-14T22:59:57.031979300]
2024-07-14T22:59:57,033|[TRACE] BasicBinder -binding parameter [2] as [TIMESTAMP] - [2024-07-14T22:59:57.031979300]
2024-07-14T22:59:57,033|[TRACE] BasicBinder -binding parameter [3] as [INTEGER] - [0]
2024-07-14T22:59:57,033|[TRACE] BasicBinder -binding parameter [4] as [VARCHAR] - [null]
2024-07-14T22:59:57,033|[TRACE] BasicBinder -binding parameter [5] as [INTEGER] - [99]
2024-07-14T22:59:57,033|[TRACE] BasicBinder -binding parameter [6] as [INTEGER] - [null]
2024-07-14T22:59:57,033|[TRACE] BasicBinder -binding parameter [7] as [INTEGER] - [2]
2024-07-14T22:59:57,033|[TRACE] BasicBinder -binding parameter [8] as [INTEGER] - [1]
2024-07-14T22:59:57,037|[DEBUG] SQL -
    select
        course0_.course_id as course_i1_1_0_,
        course0_.CREATED as created2_1_0_,
        course0_.UPDATED as updated3_1_0_,
        course0_.version as version4_1_0_,
        course0_.course_code as course_c5_1_0_,
        course0_.course_title as course_t6_1_0_,
        course0_.credit_units as credit_u7_1_0_,
        course0_.online as online8_1_0_,
        course0_.semester as semester9_1_0_,
        course0_.year as year10_1_0_ 
    from
        Course course0_ 
    where
        course0_.course_id=?
2024-07-14T22:59:57,037|[TRACE] BasicBinder -binding parameter [1] as [INTEGER] - [1]
2024-07-14T22:59:57,038|[DEBUG] SQL -
    /* delete acmecollege.entity.PeerTutorRegistration */ delete 
        from
            peer_tutor_registration 
        where
            course_id=? 
            and student_id=? 
            and version=?
2024-07-14T22:59:57,039|[TRACE] BasicBinder -binding parameter [1] as [INTEGER] - [1]
2024-07-14T22:59:57,039|[TRACE] BasicBinder -binding parameter [2] as [INTEGER] - [1]
2024-07-14T22:59:57,039|[TRACE] BasicBinder -binding parameter [3] as [INTEGER] - [2]
2024-07-14T22:59:57,039|[DEBUG] SQL -
    /* delete acmecollege.entity.Course */ delete 
        from
            Course 
        where
            course_id=? 
            and version=?
2024-07-14T22:59:57,039|[TRACE] BasicBinder -binding parameter [1] as [INTEGER] - [1]
2024-07-14T22:59:57,039|[TRACE] BasicBinder -binding parameter [2] as [INTEGER] - [1]
2024-07-14T22:59:57,040|[DEBUG] SQL -
    /* select
        count(generatedAlias0) 
    from
        PeerTutorRegistration as generatedAlias0 
    where
        generatedAlias0.id=:id */ select
            count(peertutorr0_.course_id) as col_0_0_ 
        from
            peer_tutor_registration peertutorr0_ 
        where
            (
                peertutorr0_.course_id, peertutorr0_.student_id
            )=(
                ?, ?
            )
2024-07-14T22:59:57,040|[TRACE] BasicBinder -binding parameter [1] as [INTEGER] - [1]
2024-07-14T22:59:57,040|[TRACE] BasicBinder -binding parameter [2] as [INTEGER] - [1]
2024-07-14T22:59:57,041|[DEBUG] SQL -
    /* select
        count(generatedAlias0) 
    from
        PeerTutorRegistration as generatedAlias0 
    where
        generatedAlias0.id=:id */ select
            count(peertutorr0_.course_id) as col_0_0_ 
        from
            peer_tutor_registration peertutorr0_ 
        where
            (
                peertutorr0_.course_id, peertutorr0_.student_id
            )=(
                ?, ?
            )
2024-07-14T22:59:57,041|[TRACE] BasicBinder -binding parameter [1] as [INTEGER] - [2]
2024-07-14T22:59:57,041|[TRACE] BasicBinder -binding parameter [2] as [INTEGER] - [1]
]]></system-out>
  </testcase>
</testsuite>