<?xml version="1.0" encoding="UTF-8"?>
<testsuite xmlns:xsi="http://www.w3.org/2001/XMLSchema-instance" xsi:noNamespaceSchemaLocation="https://maven.apache.org/surefire/maven-surefire-plugin/xsd/surefire-test-report-3.0.xsd" version="3.0" name="acmecollege.entity.TestCRUDAcademicStudentClub" time="1.815" tests="5" errors="0" skipped="0" failures="0">
  <properties>
[...]
</properties>
  <testcase name="test01_Empty" classname="acmecollege.entity.TestCRUDAcademicStudentClub" time="0.043">
    <system-out><![CDATA[2024-07-14T22:59:54,354|[WARN ] pooling -HHH10001002: Using Hibernate built-in connection pool (not for production use!)
2024-07-14T22:59:55,041|[DEBUG] SQL -
    
    use acmecollege
2024-07-14T22:59:55,049|[DEBUG] SQL -
    
    SET FOREIGN_KEY_CHECKS = 0
2024-07-14T22:59:55,049|[DEBUG] SQL -
    
    TRUNCATE TABLE acmecollege.peer_tutor
2024-07-14T22:59:55,057|[DEBUG] SQL -
    
    TRUNCATE TABLE acmecollege.student_club
2024-07-14T22:59:55,068|[DEBUG] SQL -
    
    TRUNCATE TABLE acmecollege.club_membership
2024-07-14T22:59:55,087|[DEBUG] SQL -
    
    TRUNCATE TABLE acmecollege.peer_tutor_registration
2024-07-14T22:59:55,104|[DEBUG] SQL -
    
    TRUNCATE TABLE acmecollege.membership_card
2024-07-14T22:59:55,136|[DEBUG] SQL -
    
    TRUNCATE TABLE acmecollege.student
2024-07-14T22:59:55,144|[DEBUG] SQL -
    
    TRUNCATE TABLE acmecollege.course
2024-07-14T22:59:55,151|[DEBUG] SQL -
    
    SET FOREIGN_KEY_CHECKS = 1
2024-07-14T22:59:55,158|[DEBUG] SQL -CREATE SCHEMA IF NOT EXISTS `acmecollege` DEFAULT CHARACTER SET utf8mb4
2024-07-14T22:59:55,166|[DEBUG] SQL -
    
    USE `acmecollege`
2024-07-14T22:59:55,166|[DEBUG] SQL -
    
    CREATE TABLE IF NOT EXISTS `student` (
          `id` INT NOT NULL AUTO_INCREMENT,
          `first_name` VARCHAR(50) NOT NULL,
          `last_name` VARCHAR(50) NOT NULL,
          `created` DATETIME NULL,
          `updated` DATETIME NULL,
          `version` BIGINT NOT NULL DEFAULT 1,
          PRIMARY KEY (`id`) 
    )
2024-07-14T22:59:55,168|[DEBUG] SQL -
    
    CREATE TABLE IF NOT EXISTS `student_club` (
          `club_id` INT NOT NULL AUTO_INCREMENT,
          `name` VARCHAR(100) NOT NULL,
          `academic` BIT(1) NOT NULL,
          `created` DATETIME NULL,
          `updated` DATETIME NULL,
          `version` BIGINT NOT NULL DEFAULT 1,
          PRIMARY KEY (`club_id`),
          UNIQUE INDEX `name_UNIQUE` (`name` ASC) VISIBLE 
    )
2024-07-14T22:59:55,170|[DEBUG] SQL -
    
    CREATE TABLE IF NOT EXISTS `club_membership` (
          `membership_id` INT NOT NULL AUTO_INCREMENT,
          `club_id` INT NOT NULL,
          `start_date` DATETIME NOT NULL,
          `end_date` DATETIME NOT NULL,
          `active` BIT(1) NOT NULL,
          `created` DATETIME NULL,
          `updated` DATETIME NULL,
          `version` BIGINT NOT NULL DEFAULT 1,
          PRIMARY KEY (`membership_id`),
          INDEX `fk_club_membership_student_club1_idx` (`club_id` ASC) VISIBLE,
          CONSTRAINT `fk_club_membership_student_club1`     FOREIGN KEY (`club_id`) REFERENCES `student_club` (`club_id`) ON DELETE NO ACTION ON UPDATE NO ACTION 
    )
2024-07-14T22:59:55,172|[DEBUG] SQL -
    
    CREATE TABLE IF NOT EXISTS `membership_card` (
          `card_id` INT NOT NULL AUTO_INCREMENT,
          `student_id` INT NOT NULL,
          `membership_id` INT NULL,
          `signed` BIT(1) NOT NULL,
          `created` DATETIME NULL,
          `updated` DATETIME NULL,
          `version` BIGINT NOT NULL DEFAULT 1,
          INDEX `fk_membership_card_student1_idx` (`student_id` ASC) VISIBLE,
          INDEX `fk_membership_card_club_membership1_idx` (`membership_id` ASC) VISIBLE,
          UNIQUE INDEX `card_id_UNIQUE` (`card_id` ASC) VISIBLE,
          PRIMARY KEY (`card_id`),
          CONSTRAINT `fk_membership_card_student1`     FOREIGN KEY (`student_id`)     REFERENCES `student` (`id`)     ON DELETE NO ACTION     ON UPDATE NO ACTION,
          CONSTRAINT `fk_membership_card_club_membership1`     FOREIGN KEY (`membership_id`)     REFERENCES `club_membership` (`membership_id`)     ON DELETE NO ACTION     ON UPDATE NO ACTION 
    )
2024-07-14T22:59:55,174|[DEBUG] SQL -
    
    CREATE TABLE IF NOT EXISTS `peer_tutor` (
          `peer_tutor_id` INT NOT NULL AUTO_INCREMENT,
          `first_name` VARCHAR(50) NOT NULL,
          `last_name` VARCHAR(50) NOT NULL,
          `program` VARCHAR(50) NOT NULL,
          `created` DATETIME NULL,
          `updated` DATETIME NULL,
          `version` BIGINT NOT NULL DEFAULT 1,
          PRIMARY KEY (`peer_tutor_id`) 
    )
2024-07-14T22:59:55,176|[DEBUG] SQL -
    
    CREATE TABLE IF NOT EXISTS `course` (
          `course_id` INT NOT NULL AUTO_INCREMENT,
          `course_code` VARCHAR(7) NOT NULL,
          `course_title` VARCHAR(100) NOT NULL,
          `year` INT NOT NULL,
          `semester` VARCHAR(6) NOT NULL,
          `credit_units` INT NOT NULL,
          `online` BIT(1) NOT NULL,
          `created` DATETIME NULL,
          `updated` DATETIME NULL,
          `version` BIGINT NOT NULL DEFAULT 1,
          PRIMARY KEY (`course_id`) 
    )
2024-07-14T22:59:55,177|[DEBUG] SQL -
    
    CREATE TABLE IF NOT EXISTS `peer_tutor_registration` (
          `student_id` INT NOT NULL,
          `course_id` INT NOT NULL,
          `numeric_grade` INT NULL,
          `letter_grade` VARCHAR(3) NULL,
          `peer_tutor_id` INT NULL,
          `created` DATETIME NULL,
          `updated` DATETIME NULL,
          `version` BIGINT NOT NULL DEFAULT 1,
          PRIMARY KEY (`student_id`, `course_id`),
          INDEX `fk_peer_tutor_registration_course1_idx` (`course_id` ASC) VISIBLE,
          INDEX `fk_peer_tutor_registration_student1_idx` (`student_id` ASC) VISIBLE,
          CONSTRAINT `fk_peer_tutor_registration_peer_tutor1`     FOREIGN KEY (`peer_tutor_id`)     REFERENCES `peer_tutor` (`peer_tutor_id`)     ON DELETE NO ACTION     ON UPDATE NO ACTION,
          CONSTRAINT `fk_peer_tutor_registration_course1`     FOREIGN KEY (`course_id`)     REFERENCES `course` (`course_id`)     ON DELETE NO ACTION     ON UPDATE NO ACTION,
          CONSTRAINT `fk_peer_tutor_registration_student1`     FOREIGN KEY (`student_id`)     REFERENCES `student` (`id`)     ON DELETE NO ACTION     ON UPDATE NO ACTION 
    )
2024-07-14T22:59:55,289|[DEBUG] SQL -
    /* delete PeerTutorRegistration as generatedAlias0 */ delete 
        from
            peer_tutor_registration
2024-07-14T22:59:55,296|[DEBUG] SQL -
    /* delete Course as generatedAlias0 */ delete 
        from
            Course
2024-07-14T22:59:55,298|[DEBUG] SQL -
    /* delete PeerTutor as generatedAlias0 */ delete 
        from
            peer_tutor
2024-07-14T22:59:55,299|[DEBUG] SQL -
    /* delete MembershipCard as generatedAlias0 */ delete 
        from
            membership_card
2024-07-14T22:59:55,301|[DEBUG] SQL -
    /* delete ClubMembership as generatedAlias0 */ delete 
        from
            club_membership
2024-07-14T22:59:55,303|[DEBUG] SQL -
    /* delete StudentClub as generatedAlias0 */ delete 
        from
            student_club
2024-07-14T22:59:55,304|[DEBUG] SQL -
    /* delete Student as generatedAlias0 */ delete 
        from
            Student
2024-07-14T22:59:55,317|[DEBUG] SQL -
    /* delete AcademicStudentClub as generatedAlias0 */ delete 
        from
            student_club 
        where
            academic=1
2024-07-14T22:59:55,325|[DEBUG] SQL -
    /* select
        count(generatedAlias0) 
    from
        AcademicStudentClub as generatedAlias0 */ select
            count(academicst0_.club_id) as col_0_0_ 
        from
            student_club academicst0_ 
        where
            academicst0_.academic=1
]]></system-out>
  </testcase>
  <testcase name="test02_Create" classname="acmecollege.entity.TestCRUDAcademicStudentClub" time="0.049">
    <system-out><![CDATA[2024-07-14T22:59:55,377|[DEBUG] SQL -
    /* insert acmecollege.entity.AcademicStudentClub
        */ insert 
        into
            student_club
            (CREATED, UPDATED, version, name, academic) 
        values
            (?, ?, ?, ?, 1)
2024-07-14T22:59:55,378|[TRACE] BasicBinder -binding parameter [1] as [TIMESTAMP] - [2024-07-14T22:59:55.360019300]
2024-07-14T22:59:55,379|[TRACE] BasicBinder -binding parameter [2] as [TIMESTAMP] - [2024-07-14T22:59:55.360019300]
2024-07-14T22:59:55,379|[TRACE] BasicBinder -binding parameter [3] as [INTEGER] - [0]
2024-07-14T22:59:55,380|[TRACE] BasicBinder -binding parameter [4] as [VARCHAR] - [Photography Club]
2024-07-14T22:59:55,401|[DEBUG] SQL -
    /* select
        count(generatedAlias0) 
    from
        AcademicStudentClub as generatedAlias0 
    where
        generatedAlias0.id=1 */ select
            count(academicst0_.club_id) as col_0_0_ 
        from
            student_club academicst0_ 
        where
            academicst0_.academic=1 
            and academicst0_.club_id=1
]]></system-out>
  </testcase>
  <testcase name="test03_Read" classname="acmecollege.entity.TestCRUDAcademicStudentClub" time="0.008">
    <system-out><![CDATA[2024-07-14T22:59:55,405|[DEBUG] SQL -
    /* select
        generatedAlias0 
    from
        AcademicStudentClub as generatedAlias0 */ select
            academicst0_.club_id as club_id2_6_,
            academicst0_.CREATED as created3_6_,
            academicst0_.UPDATED as updated4_6_,
            academicst0_.version as version5_6_,
            academicst0_.name as name6_6_ 
        from
            student_club academicst0_ 
        where
            academicst0_.academic=1
]]></system-out>
  </testcase>
  <testcase name="test04_Update" classname="acmecollege.entity.TestCRUDAcademicStudentClub" time="0.015">
    <system-out><![CDATA[2024-07-14T22:59:55,414|[DEBUG] SQL -
    /* select
        generatedAlias0 
    from
        AcademicStudentClub as generatedAlias0 
    where
        generatedAlias0.id=1 */ select
            academicst0_.club_id as club_id2_6_,
            academicst0_.CREATED as created3_6_,
            academicst0_.UPDATED as updated4_6_,
            academicst0_.version as version5_6_,
            academicst0_.name as name6_6_ 
        from
            student_club academicst0_ 
        where
            academicst0_.academic=1 
            and academicst0_.club_id=1
2024-07-14T22:59:55,423|[DEBUG] SQL -
    /* update
        acmecollege.entity.AcademicStudentClub */ update
            student_club 
        set
            CREATED=?,
            UPDATED=?,
            version=?,
            name=? 
        where
            club_id=? 
            and version=?
2024-07-14T22:59:55,423|[TRACE] BasicBinder -binding parameter [1] as [TIMESTAMP] - [2024-07-14T22:59:55]
2024-07-14T22:59:55,423|[TRACE] BasicBinder -binding parameter [2] as [TIMESTAMP] - [2024-07-14T22:59:55.420210600]
2024-07-14T22:59:55,423|[TRACE] BasicBinder -binding parameter [3] as [INTEGER] - [1]
2024-07-14T22:59:55,423|[TRACE] BasicBinder -binding parameter [4] as [VARCHAR] - [Debate Club]
2024-07-14T22:59:55,423|[TRACE] BasicBinder -binding parameter [5] as [INTEGER] - [1]
2024-07-14T22:59:55,423|[TRACE] BasicBinder -binding parameter [6] as [INTEGER] - [0]
2024-07-14T22:59:55,426|[DEBUG] SQL -
    /* select
        generatedAlias0 
    from
        AcademicStudentClub as generatedAlias0 
    where
        generatedAlias0.id=1 */ select
            academicst0_.club_id as club_id2_6_,
            academicst0_.CREATED as created3_6_,
            academicst0_.UPDATED as updated4_6_,
            academicst0_.version as version5_6_,
            academicst0_.name as name6_6_ 
        from
            student_club academicst0_ 
        where
            academicst0_.academic=1 
            and academicst0_.club_id=1
]]></system-out>
  </testcase>
  <testcase name="test05_Delete" classname="acmecollege.entity.TestCRUDAcademicStudentClub" time="0.016">
    <system-out><![CDATA[2024-07-14T22:59:55,428|[DEBUG] SQL -
    /* select
        generatedAlias0 
    from
        AcademicStudentClub as generatedAlias0 
    where
        generatedAlias0.id=1 */ select
            academicst0_.club_id as club_id2_6_,
            academicst0_.CREATED as created3_6_,
            academicst0_.UPDATED as updated4_6_,
            academicst0_.version as version5_6_,
            academicst0_.name as name6_6_ 
        from
            student_club academicst0_ 
        where
            academicst0_.academic=1 
            and academicst0_.club_id=1
2024-07-14T22:59:55,430|[DEBUG] SQL -
    /* insert acmecollege.entity.AcademicStudentClub
        */ insert 
        into
            student_club
            (CREATED, UPDATED, version, name, academic) 
        values
            (?, ?, ?, ?, 1)
2024-07-14T22:59:55,430|[TRACE] BasicBinder -binding parameter [1] as [TIMESTAMP] - [2024-07-14T22:59:55.430738100]
2024-07-14T22:59:55,430|[TRACE] BasicBinder -binding parameter [2] as [TIMESTAMP] - [2024-07-14T22:59:55.430738100]
2024-07-14T22:59:55,431|[TRACE] BasicBinder -binding parameter [3] as [INTEGER] - [0]
2024-07-14T22:59:55,431|[TRACE] BasicBinder -binding parameter [4] as [VARCHAR] - [Environmental Club]
2024-07-14T22:59:55,435|[DEBUG] SQL -
    select
        clubmember0_.club_id as club_id8_0_0_,
        clubmember0_.membership_id as membersh1_0_0_,
        clubmember0_.membership_id as membersh1_0_1_,
        clubmember0_.CREATED as created2_0_1_,
        clubmember0_.UPDATED as updated3_0_1_,
        clubmember0_.version as version4_0_1_,
        clubmember0_.club_id as club_id8_0_1_,
        clubmember0_.active as active5_0_1_,
        clubmember0_.end_date as end_date6_0_1_,
        clubmember0_.start_date as start_da7_0_1_,
        membership1_.card_id as card_id1_2_2_,
        membership1_.CREATED as created2_2_2_,
        membership1_.UPDATED as updated3_2_2_,
        membership1_.version as version4_2_2_,
        membership1_.student_id as student_6_2_2_,
        membership1_.signed as signed5_2_2_,
        student2_.id as id1_5_3_,
        student2_.CREATED as created2_5_3_,
        student2_.UPDATED as updated3_5_3_,
        student2_.version as version4_5_3_,
        student2_.first_name as first_na5_5_3_,
        student2_.last_name as last_nam6_5_3_ 
    from
        club_membership clubmember0_ 
    left outer join
        membership_card membership1_ 
            on clubmember0_.membership_id=membership1_.card_id 
    left outer join
        Student student2_ 
            on membership1_.student_id=student2_.id 
    where
        clubmember0_.club_id=?
2024-07-14T22:59:55,435|[TRACE] BasicBinder -binding parameter [1] as [INTEGER] - [1]
2024-07-14T22:59:55,439|[DEBUG] SQL -
    /* delete acmecollege.entity.AcademicStudentClub */ delete 
        from
            student_club 
        where
            club_id=? 
            and version=?
2024-07-14T22:59:55,439|[TRACE] BasicBinder -binding parameter [1] as [INTEGER] - [1]
2024-07-14T22:59:55,440|[TRACE] BasicBinder -binding parameter [2] as [INTEGER] - [1]
2024-07-14T22:59:55,442|[DEBUG] SQL -
    /* select
        count(generatedAlias0) 
    from
        AcademicStudentClub as generatedAlias0 
    where
        generatedAlias0.id=2 */ select
            count(academicst0_.club_id) as col_0_0_ 
        from
            student_club academicst0_ 
        where
            academicst0_.academic=1 
            and academicst0_.club_id=2
]]></system-out>
  </testcase>
</testsuite>