<?xml version="1.0" encoding="UTF-8"?>
<testsuite xmlns:xsi="http://www.w3.org/2001/XMLSchema-instance" xsi:noNamespaceSchemaLocation="https://maven.apache.org/surefire/maven-surefire-plugin/xsd/surefire-test-report-3.0.xsd" version="3.0" name="acmecollege.entity.TestCRUDCourse" time="0.242" tests="5" errors="0" skipped="0" failures="0">
  <properties>
[...]
</properties>
  <testcase name="test01_Empty" classname="acmecollege.entity.TestCRUDCourse" time="0.003">
    <system-out><![CDATA[2024-07-14T22:59:55,834|[WARN ] pooling -HHH10001002: Using Hibernate built-in connection pool (not for production use!)
2024-07-14T22:59:55,894|[DEBUG] SQL -
    
    use acmecollege
2024-07-14T22:59:55,895|[DEBUG] SQL -
    
    SET FOREIGN_KEY_CHECKS = 0
2024-07-14T22:59:55,895|[DEBUG] SQL -
    
    TRUNCATE TABLE acmecollege.peer_tutor
2024-07-14T22:59:55,905|[DEBUG] SQL -
    
    TRUNCATE TABLE acmecollege.student_club
2024-07-14T22:59:55,926|[DEBUG] SQL -
    
    TRUNCATE TABLE acmecollege.club_membership
2024-07-14T22:59:55,944|[DEBUG] SQL -
    
    TRUNCATE TABLE acmecollege.peer_tutor_registration
2024-07-14T22:59:55,962|[DEBUG] SQL -
    
    TRUNCATE TABLE acmecollege.membership_card
2024-07-14T22:59:55,980|[DEBUG] SQL -
    
    TRUNCATE TABLE acmecollege.student
2024-07-14T22:59:55,989|[DEBUG] SQL -
    
    TRUNCATE TABLE acmecollege.course
2024-07-14T22:59:55,995|[DEBUG] SQL -
    
    SET FOREIGN_KEY_CHECKS = 1
2024-07-14T22:59:55,999|[DEBUG] SQL -CREATE SCHEMA IF NOT EXISTS `acmecollege` DEFAULT CHARACTER SET utf8mb4
2024-07-14T22:59:56,001|[DEBUG] SQL -
    
    USE `acmecollege`
2024-07-14T22:59:56,001|[DEBUG] SQL -
    
    CREATE TABLE IF NOT EXISTS `student` (
          `id` INT NOT NULL AUTO_INCREMENT,
          `first_name` VARCHAR(50) NOT NULL,
          `last_name` VARCHAR(50) NOT NULL,
          `created` DATETIME NULL,
          `updated` DATETIME NULL,
          `version` BIGINT NOT NULL DEFAULT 1,
          PRIMARY KEY (`id`) 
    )
2024-07-14T22:59:56,004|[DEBUG] SQL -
    
    CREATE TABLE IF NOT EXISTS `student_club` (
          `club_id` INT NOT NULL AUTO_INCREMENT,
          `name` VARCHAR(100) NOT NULL,
          `academic` BIT(1) NOT NULL,
          `created` DATETIME NULL,
          `updated` DATETIME NULL,
          `version` BIGINT NOT NULL DEFAULT 1,
          PRIMARY KEY (`club_id`),
          UNIQUE INDEX `name_UNIQUE` (`name` ASC) VISIBLE 
    )
2024-07-14T22:59:56,007|[DEBUG] SQL -
    
    CREATE TABLE IF NOT EXISTS `club_membership` (
          `membership_id` INT NOT NULL AUTO_INCREMENT,
          `club_id` INT NOT NULL,
          `start_date` DATETIME NOT NULL,
          `end_date` DATETIME NOT NULL,
          `active` BIT(1) NOT NULL,
          `created` DATETIME NULL,
          `updated` DATETIME NULL,
          `version` BIGINT NOT NULL DEFAULT 1,
          PRIMARY KEY (`membership_id`),
          INDEX `fk_club_membership_student_club1_idx` (`club_id` ASC) VISIBLE,
          CONSTRAINT `fk_club_membership_student_club1`     FOREIGN KEY (`club_id`) REFERENCES `student_club` (`club_id`) ON DELETE NO ACTION ON UPDATE NO ACTION 
    )
2024-07-14T22:59:56,008|[DEBUG] SQL -
    
    CREATE TABLE IF NOT EXISTS `membership_card` (
          `card_id` INT NOT NULL AUTO_INCREMENT,
          `student_id` INT NOT NULL,
          `membership_id` INT NULL,
          `signed` BIT(1) NOT NULL,
          `created` DATETIME NULL,
          `updated` DATETIME NULL,
          `version` BIGINT NOT NULL DEFAULT 1,
          INDEX `fk_membership_card_student1_idx` (`student_id` ASC) VISIBLE,
          INDEX `fk_membership_card_club_membership1_idx` (`membership_id` ASC) VISIBLE,
          UNIQUE INDEX `card_id_UNIQUE` (`card_id` ASC) VISIBLE,
          PRIMARY KEY (`card_id`),
          CONSTRAINT `fk_membership_card_student1`     FOREIGN KEY (`student_id`)     REFERENCES `student` (`id`)     ON DELETE NO ACTION     ON UPDATE NO ACTION,
          CONSTRAINT `fk_membership_card_club_membership1`     FOREIGN KEY (`membership_id`)     REFERENCES `club_membership` (`membership_id`)     ON DELETE NO ACTION     ON UPDATE NO ACTION 
    )
2024-07-14T22:59:56,010|[DEBUG] SQL -
    
    CREATE TABLE IF NOT EXISTS `peer_tutor` (
          `peer_tutor_id` INT NOT NULL AUTO_INCREMENT,
          `first_name` VARCHAR(50) NOT NULL,
          `last_name` VARCHAR(50) NOT NULL,
          `program` VARCHAR(50) NOT NULL,
          `created` DATETIME NULL,
          `updated` DATETIME NULL,
          `version` BIGINT NOT NULL DEFAULT 1,
          PRIMARY KEY (`peer_tutor_id`) 
    )
2024-07-14T22:59:56,012|[DEBUG] SQL -
    
    CREATE TABLE IF NOT EXISTS `course` (
          `course_id` INT NOT NULL AUTO_INCREMENT,
          `course_code` VARCHAR(7) NOT NULL,
          `course_title` VARCHAR(100) NOT NULL,
          `year` INT NOT NULL,
          `semester` VARCHAR(6) NOT NULL,
          `credit_units` INT NOT NULL,
          `online` BIT(1) NOT NULL,
          `created` DATETIME NULL,
          `updated` DATETIME NULL,
          `version` BIGINT NOT NULL DEFAULT 1,
          PRIMARY KEY (`course_id`) 
    )
2024-07-14T22:59:56,013|[DEBUG] SQL -
    
    CREATE TABLE IF NOT EXISTS `peer_tutor_registration` (
          `student_id` INT NOT NULL,
          `course_id` INT NOT NULL,
          `numeric_grade` INT NULL,
          `letter_grade` VARCHAR(3) NULL,
          `peer_tutor_id` INT NULL,
          `created` DATETIME NULL,
          `updated` DATETIME NULL,
          `version` BIGINT NOT NULL DEFAULT 1,
          PRIMARY KEY (`student_id`, `course_id`),
          INDEX `fk_peer_tutor_registration_course1_idx` (`course_id` ASC) VISIBLE,
          INDEX `fk_peer_tutor_registration_student1_idx` (`student_id` ASC) VISIBLE,
          CONSTRAINT `fk_peer_tutor_registration_peer_tutor1`     FOREIGN KEY (`peer_tutor_id`)     REFERENCES `peer_tutor` (`peer_tutor_id`)     ON DELETE NO ACTION     ON UPDATE NO ACTION,
          CONSTRAINT `fk_peer_tutor_registration_course1`     FOREIGN KEY (`course_id`)     REFERENCES `course` (`course_id`)     ON DELETE NO ACTION     ON UPDATE NO ACTION,
          CONSTRAINT `fk_peer_tutor_registration_student1`     FOREIGN KEY (`student_id`)     REFERENCES `student` (`id`)     ON DELETE NO ACTION     ON UPDATE NO ACTION 
    )
2024-07-14T22:59:56,019|[DEBUG] SQL -
    /* delete PeerTutorRegistration as generatedAlias0 */ delete 
        from
            peer_tutor_registration
2024-07-14T22:59:56,020|[DEBUG] SQL -
    /* delete Course as generatedAlias0 */ delete 
        from
            Course
2024-07-14T22:59:56,021|[DEBUG] SQL -
    /* delete PeerTutor as generatedAlias0 */ delete 
        from
            peer_tutor
2024-07-14T22:59:56,022|[DEBUG] SQL -
    /* delete MembershipCard as generatedAlias0 */ delete 
        from
            membership_card
2024-07-14T22:59:56,023|[DEBUG] SQL -
    /* delete ClubMembership as generatedAlias0 */ delete 
        from
            club_membership
2024-07-14T22:59:56,024|[DEBUG] SQL -
    /* delete StudentClub as generatedAlias0 */ delete 
        from
            student_club
2024-07-14T22:59:56,025|[DEBUG] SQL -
    /* delete Student as generatedAlias0 */ delete 
        from
            Student
2024-07-14T22:59:56,027|[DEBUG] SQL -
    /* delete Course as generatedAlias0 */ delete 
        from
            Course
2024-07-14T22:59:56,028|[DEBUG] SQL -
    /* select
        count(generatedAlias0) 
    from
        Course as generatedAlias0 */ select
            count(course0_.course_id) as col_0_0_ 
        from
            Course course0_
]]></system-out>
  </testcase>
  <testcase name="test02_Create" classname="acmecollege.entity.TestCRUDCourse" time="0.006">
    <system-out><![CDATA[2024-07-14T22:59:56,030|[DEBUG] SQL -
    /* insert acmecollege.entity.Course
        */ insert 
        into
            Course
            (CREATED, UPDATED, version, course_code, course_title, credit_units, online, semester, year) 
        values
            (?, ?, ?, ?, ?, ?, ?, ?, ?)
2024-07-14T22:59:56,031|[TRACE] BasicBinder -binding parameter [1] as [TIMESTAMP] - [2024-07-14T22:59:56.030990100]
2024-07-14T22:59:56,031|[TRACE] BasicBinder -binding parameter [2] as [TIMESTAMP] - [2024-07-14T22:59:56.030990100]
2024-07-14T22:59:56,031|[TRACE] BasicBinder -binding parameter [3] as [INTEGER] - [0]
2024-07-14T22:59:56,031|[TRACE] BasicBinder -binding parameter [4] as [VARCHAR] - [CST8005]
2024-07-14T22:59:56,031|[TRACE] BasicBinder -binding parameter [5] as [VARCHAR] - [Biology]
2024-07-14T22:59:56,031|[TRACE] BasicBinder -binding parameter [6] as [INTEGER] - [2]
2024-07-14T22:59:56,031|[TRACE] BasicBinder -binding parameter [7] as [TINYINT] - [0]
2024-07-14T22:59:56,031|[TRACE] BasicBinder -binding parameter [8] as [VARCHAR] - [Fall]
2024-07-14T22:59:56,031|[TRACE] BasicBinder -binding parameter [9] as [INTEGER] - [2024]
2024-07-14T22:59:56,034|[DEBUG] SQL -
    /* select
        count(generatedAlias0) 
    from
        Course as generatedAlias0 
    where
        generatedAlias0.id=1 */ select
            count(course0_.course_id) as col_0_0_ 
        from
            Course course0_ 
        where
            course0_.course_id=1
]]></system-out>
  </testcase>
  <testcase name="test03_Read" classname="acmecollege.entity.TestCRUDCourse" time="0.003">
    <system-out><![CDATA[2024-07-14T22:59:56,037|[DEBUG] SQL -
    /* select
        generatedAlias0 
    from
        Course as generatedAlias0 */ select
            course0_.course_id as course_i1_1_,
            course0_.CREATED as created2_1_,
            course0_.UPDATED as updated3_1_,
            course0_.version as version4_1_,
            course0_.course_code as course_c5_1_,
            course0_.course_title as course_t6_1_,
            course0_.credit_units as credit_u7_1_,
            course0_.online as online8_1_,
            course0_.semester as semester9_1_,
            course0_.year as year10_1_ 
        from
            Course course0_
]]></system-out>
  </testcase>
  <testcase name="test04_Update" classname="acmecollege.entity.TestCRUDCourse" time="0.011">
    <system-out><![CDATA[2024-07-14T22:59:56,043|[DEBUG] SQL -
    /* select
        generatedAlias0 
    from
        Course as generatedAlias0 
    where
        generatedAlias0.id=:id */ select
            course0_.course_id as course_i1_1_,
            course0_.CREATED as created2_1_,
            course0_.UPDATED as updated3_1_,
            course0_.version as version4_1_,
            course0_.course_code as course_c5_1_,
            course0_.course_title as course_t6_1_,
            course0_.credit_units as credit_u7_1_,
            course0_.online as online8_1_,
            course0_.semester as semester9_1_,
            course0_.year as year10_1_ 
        from
            Course course0_ 
        where
            course0_.course_id=?
2024-07-14T22:59:56,045|[TRACE] BasicBinder -binding parameter [1] as [INTEGER] - [1]
2024-07-14T22:59:56,046|[DEBUG] SQL -
    /* update
        acmecollege.entity.Course */ update
            Course 
        set
            CREATED=?,
            UPDATED=?,
            version=?,
            course_code=?,
            course_title=?,
            credit_units=?,
            online=?,
            semester=?,
            year=? 
        where
            course_id=? 
            and version=?
2024-07-14T22:59:56,046|[TRACE] BasicBinder -binding parameter [1] as [TIMESTAMP] - [2024-07-14T22:59:56]
2024-07-14T22:59:56,046|[TRACE] BasicBinder -binding parameter [2] as [TIMESTAMP] - [2024-07-14T22:59:56.046563200]
2024-07-14T22:59:56,046|[TRACE] BasicBinder -binding parameter [3] as [INTEGER] - [1]
2024-07-14T22:59:56,046|[TRACE] BasicBinder -binding parameter [4] as [VARCHAR] - [CST8116]
2024-07-14T22:59:56,047|[TRACE] BasicBinder -binding parameter [5] as [VARCHAR] - [Introduction to Computer Programming]
2024-07-14T22:59:56,047|[TRACE] BasicBinder -binding parameter [6] as [INTEGER] - [4]
2024-07-14T22:59:56,047|[TRACE] BasicBinder -binding parameter [7] as [TINYINT] - [1]
2024-07-14T22:59:56,047|[TRACE] BasicBinder -binding parameter [8] as [VARCHAR] - [Winter]
2024-07-14T22:59:56,047|[TRACE] BasicBinder -binding parameter [9] as [INTEGER] - [2023]
2024-07-14T22:59:56,047|[TRACE] BasicBinder -binding parameter [10] as [INTEGER] - [1]
2024-07-14T22:59:56,047|[TRACE] BasicBinder -binding parameter [11] as [INTEGER] - [0]
2024-07-14T22:59:56,049|[DEBUG] SQL -
    /* select
        generatedAlias0 
    from
        Course as generatedAlias0 
    where
        generatedAlias0.id=:id */ select
            course0_.course_id as course_i1_1_,
            course0_.CREATED as created2_1_,
            course0_.UPDATED as updated3_1_,
            course0_.version as version4_1_,
            course0_.course_code as course_c5_1_,
            course0_.course_title as course_t6_1_,
            course0_.credit_units as credit_u7_1_,
            course0_.online as online8_1_,
            course0_.semester as semester9_1_,
            course0_.year as year10_1_ 
        from
            Course course0_ 
        where
            course0_.course_id=?
2024-07-14T22:59:56,049|[TRACE] BasicBinder -binding parameter [1] as [INTEGER] - [1]
]]></system-out>
  </testcase>
  <testcase name="test05_Delete" classname="acmecollege.entity.TestCRUDCourse" time="0.01">
    <system-out><![CDATA[2024-07-14T22:59:56,051|[DEBUG] SQL -
    /* select
        generatedAlias0 
    from
        Course as generatedAlias0 
    where
        generatedAlias0.id=:id */ select
            course0_.course_id as course_i1_1_,
            course0_.CREATED as created2_1_,
            course0_.UPDATED as updated3_1_,
            course0_.version as version4_1_,
            course0_.course_code as course_c5_1_,
            course0_.course_title as course_t6_1_,
            course0_.credit_units as credit_u7_1_,
            course0_.online as online8_1_,
            course0_.semester as semester9_1_,
            course0_.year as year10_1_ 
        from
            Course course0_ 
        where
            course0_.course_id=?
2024-07-14T22:59:56,051|[TRACE] BasicBinder -binding parameter [1] as [INTEGER] - [1]
2024-07-14T22:59:56,052|[DEBUG] SQL -
    /* insert acmecollege.entity.Course
        */ insert 
        into
            Course
            (CREATED, UPDATED, version, course_code, course_title, credit_units, online, semester, year) 
        values
            (?, ?, ?, ?, ?, ?, ?, ?, ?)
2024-07-14T22:59:56,053|[TRACE] BasicBinder -binding parameter [1] as [TIMESTAMP] - [2024-07-14T22:59:56.052570500]
2024-07-14T22:59:56,053|[TRACE] BasicBinder -binding parameter [2] as [TIMESTAMP] - [2024-07-14T22:59:56.052570500]
2024-07-14T22:59:56,053|[TRACE] BasicBinder -binding parameter [3] as [INTEGER] - [0]
2024-07-14T22:59:56,053|[TRACE] BasicBinder -binding parameter [4] as [VARCHAR] - [CST8106]
2024-07-14T22:59:56,053|[TRACE] BasicBinder -binding parameter [5] as [VARCHAR] - [Electrical Engineering]
2024-07-14T22:59:56,053|[TRACE] BasicBinder -binding parameter [6] as [INTEGER] - [3]
2024-07-14T22:59:56,053|[TRACE] BasicBinder -binding parameter [7] as [TINYINT] - [0]
2024-07-14T22:59:56,053|[TRACE] BasicBinder -binding parameter [8] as [VARCHAR] - [WINTER]
2024-07-14T22:59:56,053|[TRACE] BasicBinder -binding parameter [9] as [INTEGER] - [2021]
2024-07-14T22:59:56,056|[DEBUG] SQL -
    /* delete acmecollege.entity.Course */ delete 
        from
            Course 
        where
            course_id=? 
            and version=?
2024-07-14T22:59:56,056|[TRACE] BasicBinder -binding parameter [1] as [INTEGER] - [1]
2024-07-14T22:59:56,056|[TRACE] BasicBinder -binding parameter [2] as [INTEGER] - [1]
2024-07-14T22:59:56,058|[DEBUG] SQL -
    /* select
        count(generatedAlias0) 
    from
        Course as generatedAlias0 
    where
        generatedAlias0.id=:id */ select
            count(course0_.course_id) as col_0_0_ 
        from
            Course course0_ 
        where
            course0_.course_id=?
2024-07-14T22:59:56,059|[TRACE] BasicBinder -binding parameter [1] as [INTEGER] - [1]
2024-07-14T22:59:56,059|[DEBUG] SQL -
    /* select
        count(generatedAlias0) 
    from
        Course as generatedAlias0 
    where
        generatedAlias0.id=:id */ select
            count(course0_.course_id) as col_0_0_ 
        from
            Course course0_ 
        where
            course0_.course_id=?
2024-07-14T22:59:56,060|[TRACE] BasicBinder -binding parameter [1] as [INTEGER] - [2]
]]></system-out>
  </testcase>
</testsuite>